
> next-admin@0.1.0 build E:\developemet\projexts\bukonzemergency
> next build

   ▲ Next.js 15.1.9
   - Environments: .env

   Creating an optimized production build ...
 ✓ Compiled successfully
   Linting and checking validity of types ...
Failed to compile.

./app/api/v1/loan-repayments/verify/route.ts:55:7
Type error: Argument of type 'string | null' is not assignable to parameter of type 'string | undefined'.
  Type 'null' is not assignable to type 'string | undefined'.

[0m [90m 53 |[39m       repaymentRequest[33m.[39mid[33m,[39m[0m
[0m [90m 54 |[39m       session[33m.[39muser[33m.[39mid[33m,[39m[0m
[0m[31m[1m>[22m[39m[90m 55 |[39m       repaymentRequest[33m.[39mloanId[33m,[39m[0m
[0m [90m    |[39m       [31m[1m^[22m[39m[0m
[0m [90m 56 |[39m       repaymentRequest[33m.[39mmemberId[33m,[39m[0m
[0m [90m 57 |[39m       repaymentRequest[33m.[39maccountId[33m,[39m[0m
[0m [90m 58 |[39m       repaymentRequest[33m.[39mamount[33m,[39m[0m
Next.js build worker exited with code: 1 and signal: null
 ELIFECYCLE  Command failed with exit code 1.
